{"/Users/mosesmbugua/Documents/archectitecutre/VuejsTraining/GettingStarted/VueJSPath/vue-js-testing-and-debugging-2399300/src/views/Home.vue": {"path":"/Users/mosesmbugua/Documents/archectitecutre/VuejsTraining/GettingStarted/VueJSPath/vue-js-testing-and-debugging-2399300/src/views/Home.vue","statementMap":{"0":{"start":{"line":57,"column":0},"end":{"line":70,"column":null}},"1":{"start":{"line":70,"column":0},"end":{"line":70,"column":null}}},"fnMap":{},"branchMap":{},"s":{"0":1,"1":1},"f":{},"b":{}}
}
